# JRE version: OpenJDK Runtime Environment (20.0.1+9) (build 20.0.1+9-29)
# Java VM: OpenJDK 64-Bit Server VM (20.0.1+9-29, mixed mode, sharing, tiered, compressed oops, compressed class ptrs, g1 gc, windows-amd64)
GC Precious Log:
 CardTable entry size: 512
 Card Set container configuration: InlinePtr #cards 5 size 8 Array Of Cards #cards 12 size 40 Howl #buckets 4 coarsen threshold 1843 Howl Bitmap #cards 512 size 80 coarsen threshold 460 Card regions per heap region 1 cards per card region 2048
 CPUs: 4 total, 4 available
 Memory: 8071M
 Large Page Support: Disabled
 NUMA Support: Disabled
 Compressed Oops: Enabled (32-bit)
 Heap Region Size: 1M
 Heap Min Capacity: 8M
 Heap Initial Capacity: 128M
 Heap Max Capacity: 2018M
 Pre-touch: Disabled
 Parallel Workers: 4
 Concurrent Workers: 1
 Concurrent Refinement Workers: 4
 Periodic GC: Disabled
Heap:
 garbage-first heap   total 72704K, used 47670K [0x0000000081e00000, 0x0000000100000000)
  region size 1024K, 3 young (3072K), 3 survivors (3072K)
 Metaspace       used 54135K, committed 54912K, reserved 1114112K
  class space    used 6407K, committed 6784K, reserved 1048576K
GC Heap History (20 events):
Event: 3.087 GC heap after
{Heap after GC invocations=3 (full 0):
 garbage-first heap   total 131072K, used 11896K [0x0000000081e00000, 0x0000000100000000)
  region size 1024K, 6 young (6144K), 6 survivors (6144K)
 Metaspace       used 21293K, committed 21504K, reserved 1114112K
  class space    used 2761K, committed 2880K, reserved 1048576K
}
Event: 3.948 GC heap before
{Heap before GC invocations=4 (full 0):
 garbage-first heap   total 48128K, used 46712K [0x0000000081e00000, 0x0000000100000000)
  region size 1024K, 38 young (38912K), 6 survivors (6144K)
 Metaspace       used 26314K, committed 26624K, reserved 1114112K
  class space    used 3529K, committed 3712K, reserved 1048576K
}
Event: 3.979 GC heap after
{Heap after GC invocations=5 (full 0):
 garbage-first heap   total 60416K, used 19774K [0x0000000081e00000, 0x0000000100000000)
  region size 1024K, 10 young (10240K), 10 survivors (10240K)
 Metaspace       used 26314K, committed 26624K, reserved 1114112K
  class space    used 3529K, committed 3712K, reserved 1048576K
}
Event: 4.604 GC heap before
{Heap before GC invocations=5 (full 0):
 garbage-first heap   total 60416K, used 44350K [0x0000000081e00000, 0x0000000100000000)
  region size 1024K, 34 young (34816K), 10 survivors (10240K)
 Metaspace       used 30964K, committed 31296K, reserved 1114112K
  class space    used 3987K, committed 4160K, reserved 1048576K
}
Event: 4.624 GC heap after
{Heap after GC invocations=6 (full 0):
 garbage-first heap   total 60416K, used 20464K [0x0000000081e00000, 0x0000000100000000)
  region size 1024K, 3 young (3072K), 3 survivors (3072K)
 Metaspace       used 30964K, committed 31296K, reserved 1114112K
  class space    used 3987K, committed 4160K, reserved 1048576K
}
Event: 5.353 GC heap before
{Heap before GC invocations=6 (full 0):
 garbage-first heap   total 60416K, used 47088K [0x0000000081e00000, 0x0000000100000000)
  region size 1024K, 30 young (30720K), 3 survivors (3072K)
 Metaspace       used 35349K, committed 36096K, reserved 1114112K
  class space    used 4501K, committed 4864K, reserved 1048576K
}
Event: 5.368 GC heap after
{Heap after GC invocations=7 (full 0):
 garbage-first heap   total 60416K, used 22925K [0x0000000081e00000, 0x0000000100000000)
  region size 1024K, 3 young (3072K), 3 survivors (3072K)
 Metaspace       used 35349K, committed 36096K, reserved 1114112K
  class space    used 4501K, committed 4864K, reserved 1048576K
}
Event: 6.594 GC heap before
{Heap before GC invocations=8 (full 0):
 garbage-first heap   total 60416K, used 51597K [0x0000000081e00000, 0x0000000100000000)
  region size 1024K, 29 young (29696K), 3 survivors (3072K)
 Metaspace       used 41963K, committed 42752K, reserved 1114112K
  class space    used 5249K, committed 5632K, reserved 1048576K
}
Event: 6.610 GC heap after
{Heap after GC invocations=9 (full 0):
 garbage-first heap   total 60416K, used 28978K [0x0000000081e00000, 0x0000000100000000)
  region size 1024K, 4 young (4096K), 4 survivors (4096K)
 Metaspace       used 41963K, committed 42752K, reserved 1114112K
  class space    used 5249K, committed 5632K, reserved 1048576K
}
Event: 7.437 GC heap before
{Heap before GC invocations=9 (full 0):
 garbage-first heap   total 60416K, used 50482K [0x0000000081e00000, 0x0000000100000000)
  region size 1024K, 25 young (25600K), 4 survivors (4096K)
 Metaspace       used 43817K, committed 44608K, reserved 1114112K
  class space    used 5455K, committed 5824K, reserved 1048576K
}
Event: 7.462 GC heap after
{Heap after GC invocations=10 (full 0):
 garbage-first heap   total 72704K, used 32403K [0x0000000081e00000, 0x0000000100000000)
  region size 1024K, 4 young (4096K), 4 survivors (4096K)
 Metaspace       used 43817K, committed 44608K, reserved 1114112K
  class space    used 5455K, committed 5824K, reserved 1048576K
}
Event: 8.314 GC heap before
{Heap before GC invocations=10 (full 0):
 garbage-first heap   total 72704K, used 60051K [0x0000000081e00000, 0x0000000100000000)
  region size 1024K, 32 young (32768K), 4 survivors (4096K)
 Metaspace       used 45500K, committed 46208K, reserved 1114112K
  class space    used 5609K, committed 5952K, reserved 1048576K
}
Event: 8.331 GC heap after
{Heap after GC invocations=11 (full 0):
 garbage-first heap   total 72704K, used 35017K [0x0000000081e00000, 0x0000000100000000)
  region size 1024K, 3 young (3072K), 3 survivors (3072K)
 Metaspace       used 45500K, committed 46208K, reserved 1114112K
  class space    used 5609K, committed 5952K, reserved 1048576K
}
Event: 10.035 GC heap before
{Heap before GC invocations=11 (full 0):
 garbage-first heap   total 72704K, used 61641K [0x0000000081e00000, 0x0000000100000000)
  region size 1024K, 29 young (29696K), 3 survivors (3072K)
 Metaspace       used 46540K, committed 47296K, reserved 1114112K
  class space    used 5634K, committed 6016K, reserved 1048576K
}
Event: 10.064 GC heap after
{Heap after GC invocations=12 (full 0):
 garbage-first heap   total 72704K, used 39586K [0x0000000081e00000, 0x0000000100000000)
  region size 1024K, 4 young (4096K), 4 survivors (4096K)
 Metaspace       used 46540K, committed 47296K, reserved 1114112K
  class space    used 5634K, committed 6016K, reserved 1048576K
}
Event: 11.132 GC heap before
{Heap before GC invocations=13 (full 0):
 garbage-first heap   total 72704K, used 61090K [0x0000000081e00000, 0x0000000100000000)
  region size 1024K, 26 young (26624K), 4 survivors (4096K)
 Metaspace       used 48420K, committed 49216K, reserved 1114112K
  class space    used 5844K, committed 6208K, reserved 1048576K
}
Event: 11.162 GC heap after
{Heap after GC invocations=14 (full 0):
 garbage-first heap   total 72704K, used 43749K [0x0000000081e00000, 0x0000000100000000)
  region size 1024K, 4 young (4096K), 4 survivors (4096K)
 Metaspace       used 48420K, committed 49216K, reserved 1114112K
  class space    used 5844K, committed 6208K, reserved 1048576K
}
Event: 11.855 GC heap before
{Heap before GC invocations=14 (full 0):
 garbage-first heap   total 72704K, used 62181K [0x0000000081e00000, 0x0000000100000000)
  region size 1024K, 23 young (23552K), 4 survivors (4096K)
 Metaspace       used 51684K, committed 52480K, reserved 1114112K
  class space    used 6212K, committed 6592K, reserved 1048576K
}
Event: 11.881 GC heap after
{Heap after GC invocations=15 (full 0):
 garbage-first heap   total 72704K, used 44751K [0x0000000081e00000, 0x0000000100000000)
  region size 1024K, 3 young (3072K), 3 survivors (3072K)
 Metaspace       used 51684K, committed 52480K, reserved 1114112K
  class space    used 6212K, committed 6592K, reserved 1048576K
}
Event: 12.605 GC heap before
{Heap before GC invocations=15 (full 0):
 garbage-first heap   total 72704K, used 62159K [0x0000000081e00000, 0x0000000100000000)
  region size 1024K, 21 young (21504K), 3 survivors (3072K)
 Metaspace       used 54135K, committed 54912K, reserved 1114112K
  class space    used 6407K, committed 6784K, reserved 1048576K
}

